<?xml version="1.0" encoding="UTF-8"?>
<testsuite name="com.example.project.TestUser" tests="2" skipped="0" failures="0" errors="0" timestamp="2025-01-17T14:05:02" hostname="codespaces-a42cc2" time="0.026">
  <properties/>
  <testcase name="testUserConstructor()" classname="com.example.project.TestUser" time="0.025"/>
  <testcase name="testUserInfo()" classname="com.example.project.TestUser" time="0.0"/>
  <system-out><![CDATA[]]></system-out>
  <system-err><![CDATA[]]></system-err>
</testsuite>
